{
  "stats": {
    "suites": 1,
    "tests": 3,
    "passes": 3,
    "pending": 0,
    "failures": 0,
    "start": "2024-08-27T16:43:17.218Z",
    "end": "2024-08-27T16:43:18.026Z",
    "duration": 808,
    "testsRegistered": 3,
    "passPercent": 100,
    "pendingPercent": 0,
    "other": 0,
    "hasOther": false,
    "skipped": 0,
    "hasSkipped": false
  },
  "results": [
    {
      "uuid": "d4af13ad-785a-4821-8db2-fa95dd3c87fa",
      "title": "",
      "fullFile": "cypress\\e2e\\integrations\\api-tests.cy.js",
      "file": "cypress\\e2e\\integrations\\api-tests.cy.js",
      "beforeHooks": [],
      "afterHooks": [],
      "tests": [],
      "suites": [
        {
          "uuid": "b9ae759b-18a9-4ecf-a504-6e1de39a12a4",
          "title": "API Tests with cy.request()",
          "fullFile": "",
          "file": "",
          "beforeHooks": [],
          "afterHooks": [],
          "tests": [
            {
              "title": "GET Posts - Verify status and response",
              "fullTitle": "API Tests with cy.request() GET Posts - Verify status and response",
              "timedOut": null,
              "duration": 192,
              "state": "passed",
              "speed": "fast",
              "pass": true,
              "fail": false,
              "pending": false,
              "context": null,
              "code": "cy.request('https://jsonplaceholder.typicode.com/posts').then(response => {\n  expect(response.status).to.eq(200);\n  expect(response.body).to.have.length(100); // Assuming 100 posts\n});",
              "err": {},
              "uuid": "e0ec9e14-65ef-4746-aa9a-73ce8819f124",
              "parentUUID": "b9ae759b-18a9-4ecf-a504-6e1de39a12a4",
              "isHook": false,
              "skipped": false
            },
            {
              "title": "POST a new Post - Verify creation",
              "fullTitle": "API Tests with cy.request() POST a new Post - Verify creation",
              "timedOut": null,
              "duration": 392,
              "state": "passed",
              "speed": "fast",
              "pass": true,
              "fail": false,
              "pending": false,
              "context": null,
              "code": "cy.request('POST', 'https://jsonplaceholder.typicode.com/posts', {\n  title: 'foo',\n  body: 'bar',\n  userId: 1\n}).then(response => {\n  expect(response.status).to.eq(201);\n  expect(response.body).to.include({\n    title: 'foo',\n    body: 'bar',\n    userId: 1\n  });\n});",
              "err": {},
              "uuid": "73c6c224-b155-43de-bd56-a28c25d0f71b",
              "parentUUID": "b9ae759b-18a9-4ecf-a504-6e1de39a12a4",
              "isHook": false,
              "skipped": false
            },
            {
              "title": "DELETE a Post - Verify deletion",
              "fullTitle": "API Tests with cy.request() DELETE a Post - Verify deletion",
              "timedOut": null,
              "duration": 164,
              "state": "passed",
              "speed": "fast",
              "pass": true,
              "fail": false,
              "pending": false,
              "context": null,
              "code": "cy.request('DELETE', 'https://jsonplaceholder.typicode.com/posts/1').then(response => {\n  expect(response.status).to.eq(200);\n});",
              "err": {},
              "uuid": "9d509529-711b-4bb4-84b6-682d9102755a",
              "parentUUID": "b9ae759b-18a9-4ecf-a504-6e1de39a12a4",
              "isHook": false,
              "skipped": false
            }
          ],
          "suites": [],
          "passes": [
            "e0ec9e14-65ef-4746-aa9a-73ce8819f124",
            "73c6c224-b155-43de-bd56-a28c25d0f71b",
            "9d509529-711b-4bb4-84b6-682d9102755a"
          ],
          "failures": [],
          "pending": [],
          "skipped": [],
          "duration": 748,
          "root": false,
          "rootEmpty": false,
          "_timeout": 2000
        }
      ],
      "passes": [],
      "failures": [],
      "pending": [],
      "skipped": [],
      "duration": 0,
      "root": true,
      "rootEmpty": true,
      "_timeout": 2000
    }
  ],
  "meta": {
    "mocha": {
      "version": "7.0.1"
    },
    "mochawesome": {
      "options": {
        "quiet": false,
        "reportFilename": "mochawesome",
        "saveHtml": true,
        "saveJson": true,
        "consoleReporter": "spec",
        "useInlineDiffs": false,
        "code": true
      },
      "version": "7.1.3"
    },
    "marge": {
      "options": null,
      "version": "6.2.0"
    }
  }
}